<?xml version="1.0" encoding="UTF-8"?>
<!-- Generated by org.testng.reporters.JUnitXMLReporter -->
<testsuite ignored="0" hostname="DESKTOP-HFUG0EO" failures="0" tests="1" name="Test" time="0.167" errors="0" timestamp="2022-11-04T22:27:16 IST">
  <testcase classname="com.project.test.HomePageTest" name="@BeforeMethod initHomePage" time="0.085">
    <failure type="java.lang.IllegalStateException" message="The driver executable must exist: C:\Users\Savi\git\project\AutomationPage\src\test\resources\chromedriver.exe">
      <![CDATA[java.lang.IllegalStateException: The driver executable must exist: C:\Users\Savi\git\project\AutomationPage\src\test\resources\chromedriver.exe
at org.openqa.selenium.internal.Require$FileStateChecker.isFile(Require.java:342)
at org.openqa.selenium.remote.service.DriverService.checkExecutable(DriverService.java:147)
at org.openqa.selenium.remote.service.DriverService.findExecutable(DriverService.java:142)
at org.openqa.selenium.chrome.ChromeDriverService.access$000(ChromeDriverService.java:39)
at org.openqa.selenium.chrome.ChromeDriverService$Builder.findDefaultExecutable(ChromeDriverService.java:233)
at org.openqa.selenium.remote.service.DriverService$Builder.build(DriverService.java:437)
at org.openqa.selenium.chrome.ChromeDriverService.createDefaultService(ChromeDriverService.java:128)
at org.openqa.selenium.chrome.ChromeDriver.<init>(ChromeDriver.java:49)
at com.project.base.BaseClass.initWebdriver(BaseClass.java:38)
at com.project.test.HomePageTest.initHomePage(HomePageTest.java:26)
at java.base/java.util.ArrayList.forEach(ArrayList.java:1511)
... Removed 31 stack frames]]>
    </failure>
  </testcase> <!-- @BeforeMethod initHomePage -->
  <testcase classname="com.project.test.HomePageTest" name="@AfterMethod tearDownHomePage" time="-1.667581036497E9">
    <skipped/>
  </testcase> <!-- @AfterMethod tearDownHomePage -->
  <testcase classname="com.project.test.HomePageTest" name="logoDisplayed" time="0.0">
    <skipped/>
  </testcase> <!-- logoDisplayed -->
</testsuite> <!-- Test -->
